<?xml version="1.0" encoding="UTF-8"?>
<!-- Generated by org.testng.reporters.JUnitXMLReporter -->
<testsuite ignored="0" hostname="IVLT-WIN" failures="1" tests="7" name="Test" time="0.104" errors="0" timestamp="2022-04-14T21:19:31 BOT">
  <testcase classname="ivanmaventest.Mavenjava.RESTAPITest" name="DeleteTweet" time="0.007"/>
  <testcase classname="ivanmaventest.Mavenjava.RESTAPITest" name="PostJira" time="0.001"/>
  <testcase classname="ivanmaventest.Mavenjava.AppiumTest" name="IOSApp" time="0.005">
    <failure type="java.lang.AssertionError" message="expected [true] but found [false]">
      <![CDATA[java.lang.AssertionError: expected [true] but found [false]
at ivanmaventest.Mavenjava.AppiumTest.IOSApp(AppiumTest.java:16)
at java.base/java.util.ArrayList.forEach(ArrayList.java:1511)
... Removed 33 stack frames]]>
    </failure>
  </testcase> <!-- IOSApp -->
  <testcase classname="ivanmaventest.Mavenjava.AppiumTest" name="NativeAPPAndroid" time="0.001"/>
  <testcase classname="ivanmaventest.Mavenjava.SeleniumTest" name="BrowserAutomation" time="0.005"/>
  <testcase classname="ivanmaventest.Mavenjava.SeleniumTest" name="ElementsUi" time="0.002"/>
  <testcase classname="ivanmaventest.Mavenjava.SeleniumTest" name="Login" time="0.001"/>
</testsuite> <!-- Test -->
