-------------------------------------------------------------------------------
Test set: TestSuite
-------------------------------------------------------------------------------
Tests run: 7, Failures: 1, Errors: 0, Skipped: 0, Time elapsed: 0.95 s <<< FAILURE! - in TestSuite
IOSApp(ivanmaventest.Mavenjava.AppiumTest)  Time elapsed: 0.019 s  <<< FAILURE!
java.lang.AssertionError: expected [true] but found [false]
	at ivanmaventest.Mavenjava.AppiumTest.IOSApp(AppiumTest.java:16)

